2025-06-23 13:19:52,959 - INFO - 数据库表结构初始化完成
2025-06-23 13:19:52,961 - INFO - 人脸数据库管理器初始化完成，数据库路径: data/face_database.db
2025-06-23 13:19:53,334 - INFO - 已加载 23 个人员数据
2025-06-23 13:19:53,335 - INFO - 人脸库管理器初始化完成
2025-06-23 13:19:53,335 - INFO - 启动人脸库管理器
2025-06-23 13:20:15,821 - INFO - 已加载 23 个人员数据
2025-06-23 13:20:52,409 - INFO - 人脸数据库管理器已关闭
2025-06-23 13:20:52,469 - INFO - 人脸库管理器已关闭
2025-06-23 13:20:52,469 - INFO - 人脸数据库管理器已关闭
2025-06-23 13:20:52,470 - ERROR - 关闭窗口时出错: can't invoke "destroy" command: application has been destroyed
2025-06-23 13:20:52,472 - ERROR - 程序启动失败: can't invoke "destroy" command: application has been destroyed
2025-06-23 13:21:29,942 - INFO - 数据库表结构初始化完成
2025-06-23 13:21:29,943 - INFO - 人脸数据库管理器初始化完成，数据库路径: data/face_database.db
2025-06-23 13:21:30,127 - INFO - 已加载 23 个人员数据
2025-06-23 13:21:30,128 - INFO - 人脸库管理器初始化完成
2025-06-23 13:21:30,128 - INFO - 启动人脸库管理器
2025-06-23 13:21:42,190 - INFO - 人脸数据库管理器已关闭
2025-06-23 13:21:42,191 - ERROR - 关闭窗口时出错: can't invoke "destroy" command: application has been destroyed
2025-06-23 13:21:42,191 - ERROR - 程序启动失败: can't invoke "destroy" command: application has been destroyed
2025-06-23 13:22:15,342 - INFO - 数据库表结构初始化完成
2025-06-23 13:22:15,343 - INFO - 人脸数据库管理器初始化完成，数据库路径: data/face_database.db
2025-06-23 13:22:15,491 - INFO - 已加载 23 个人员数据
2025-06-23 13:22:15,491 - INFO - 人脸库管理器初始化完成
2025-06-23 13:22:15,492 - INFO - 启动人脸库管理器
2025-06-23 13:22:17,216 - INFO - 人脸数据库管理器已关闭
2025-06-23 13:22:17,217 - ERROR - 关闭窗口时出错: can't invoke "winfo" command: application has been destroyed
2025-06-23 13:22:20,915 - INFO - 数据库表结构初始化完成
2025-06-23 13:22:20,916 - INFO - 人脸数据库管理器初始化完成，数据库路径: data/face_database.db
2025-06-23 13:22:21,053 - INFO - 已加载 23 个人员数据
2025-06-23 13:22:21,053 - INFO - 人脸库管理器初始化完成
2025-06-23 13:22:21,054 - INFO - 启动人脸库管理器
2025-06-23 13:22:25,795 - INFO - 已删除人员ID 5 及其所有相关数据
2025-06-23 13:22:27,133 - INFO - 已加载 22 个人员数据
2025-06-23 13:22:29,716 - INFO - 已删除人员ID 12 及其所有相关数据
2025-06-23 13:22:30,680 - INFO - 已加载 21 个人员数据
2025-06-23 13:22:32,430 - INFO - 人脸数据库管理器已关闭
2025-06-23 13:22:32,488 - INFO - 人脸库管理器已关闭
2025-06-23 13:22:32,489 - INFO - 人脸数据库管理器已关闭
2025-06-23 13:22:32,489 - ERROR - 关闭窗口时出错: can't invoke "winfo" command: application has been destroyed
2025-06-23 13:32:29,420 - INFO - 数据库表结构初始化完成
2025-06-23 13:32:29,422 - INFO - 人脸数据库管理器初始化完成，数据库路径: data/face_database.db
2025-06-23 13:32:29,699 - INFO - 已加载 22 个人员数据
2025-06-23 13:32:29,700 - INFO - 人脸库管理器初始化完成
2025-06-23 13:32:29,701 - INFO - 启动人脸库管理器
2025-06-23 13:32:38,541 - INFO - 人脸数据库管理器已关闭
2025-06-23 13:32:38,596 - INFO - 人脸库管理器已关闭
2025-06-23 13:32:56,337 - INFO - 数据库表结构初始化完成
2025-06-23 13:32:56,338 - INFO - 人脸数据库管理器初始化完成，数据库路径: data/face_database.db
2025-06-23 13:32:56,522 - INFO - 已加载 22 个人员数据
2025-06-23 13:32:56,523 - INFO - 人脸库管理器初始化完成
2025-06-23 13:32:56,523 - INFO - 启动人脸库管理器
2025-06-23 13:33:19,999 - INFO - 已删除人员ID 25 及其所有相关数据
2025-06-23 13:33:21,197 - INFO - 已加载 21 个人员数据
2025-06-23 13:33:23,886 - INFO - 已加载 21 个人员数据
2025-06-23 13:33:33,507 - INFO - 人脸数据库管理器已关闭
2025-06-23 13:33:33,508 - ERROR - 关闭窗口时出错: can't invoke "winfo" command: application has been destroyed
2025-06-23 13:36:55,445 - INFO - 数据库表结构初始化完成
2025-06-23 13:36:55,447 - INFO - 人脸数据库管理器初始化完成，数据库路径: data/face_database.db
2025-06-23 13:36:55,698 - INFO - 已加载 21 个人员数据
2025-06-23 13:36:55,699 - INFO - 人脸库管理器初始化完成
2025-06-23 13:36:55,699 - INFO - 启动人脸库管理器
2025-06-23 13:36:58,468 - INFO - 人脸数据库管理器已关闭
2025-06-23 13:36:58,469 - ERROR - 关闭窗口时出错: can't invoke "winfo" command: application has been destroyed
2025-06-23 13:37:43,200 - INFO - 数据库表结构初始化完成
2025-06-23 13:37:43,201 - INFO - 人脸数据库管理器初始化完成，数据库路径: data/face_database.db
2025-06-23 13:37:43,652 - INFO - 已加载 0 个人员数据
2025-06-23 13:37:43,652 - INFO - 人脸库管理器初始化完成
2025-06-23 13:37:43,652 - INFO - 启动人脸库管理器
2025-06-23 13:37:45,036 - INFO - 人脸数据库管理器已关闭
2025-06-23 13:37:45,036 - ERROR - 关闭窗口时出错: can't invoke "winfo" command: application has been destroyed
2025-06-23 13:38:44,796 - INFO - 数据库表结构初始化完成
2025-06-23 13:38:44,797 - INFO - 人脸数据库管理器初始化完成，数据库路径: data/face_database.db
2025-06-23 13:38:45,083 - INFO - 已加载 2 个人员数据
2025-06-23 13:38:45,083 - INFO - 人脸库管理器初始化完成
2025-06-23 13:38:45,083 - INFO - 启动人脸库管理器
2025-06-23 13:38:48,858 - INFO - 人脸数据库管理器已关闭
2025-06-23 13:38:48,859 - ERROR - 关闭窗口时出错: can't invoke "winfo" command: application has been destroyed
2025-06-23 14:01:06,196 - INFO - 数据库表结构初始化完成
2025-06-23 14:01:06,197 - INFO - 人脸数据库管理器初始化完成，数据库路径: data/face_database.db
2025-06-23 14:01:06,622 - INFO - 已加载 5 个人员数据
2025-06-23 14:01:06,623 - INFO - 人脸库管理器初始化完成
2025-06-23 14:01:06,623 - INFO - 启动人脸库管理器
2025-06-23 14:01:11,670 - INFO - 人脸数据库管理器已关闭
2025-06-23 14:01:11,670 - ERROR - 关闭窗口时出错: can't invoke "winfo" command: application has been destroyed
2025-06-23 15:35:00,211 - INFO - 数据库表结构初始化完成
2025-06-23 15:35:00,212 - INFO - 人脸数据库管理器初始化完成，数据库路径: data/face_database.db
2025-06-23 15:35:00,596 - INFO - 已加载 2 个人员数据
2025-06-23 15:35:00,597 - INFO - 人脸库管理器初始化完成
2025-06-23 15:35:00,598 - INFO - 启动人脸库管理器
2025-06-23 15:35:23,066 - INFO - 人脸数据库管理器已关闭
2025-06-23 15:35:56,442 - INFO - 数据库表结构初始化完成
2025-06-23 15:35:56,443 - INFO - 人脸数据库管理器初始化完成，数据库路径: data/face_database.db
2025-06-23 15:35:56,860 - INFO - 已加载 2 个人员数据
2025-06-23 15:35:56,863 - INFO - 人脸库管理器初始化完成
2025-06-23 15:35:56,870 - INFO - 启动人脸库管理器
2025-06-23 15:36:03,549 - INFO - 人脸数据库管理器已关闭
2025-06-23 15:36:47,332 - INFO - 数据库表结构初始化完成
2025-06-23 15:36:47,333 - INFO - 人脸数据库管理器初始化完成，数据库路径: data/face_database.db
2025-06-23 15:36:47,477 - INFO - 已加载 2 个人员数据
2025-06-23 15:36:47,477 - INFO - 人脸库管理器初始化完成
2025-06-23 15:36:47,477 - INFO - 启动人脸库管理器
2025-06-23 15:36:52,940 - INFO - 人脸数据库管理器已关闭
2025-06-23 15:44:00,585 - INFO - 数据库表结构初始化完成
2025-06-23 15:44:00,586 - INFO - 人脸数据库管理器初始化完成，数据库路径: data/face_database.db
2025-06-23 15:44:00,995 - INFO - 已加载 2 个人员数据
2025-06-23 15:44:00,995 - INFO - 人脸库管理器初始化完成
2025-06-23 15:44:00,995 - INFO - 启动人脸库管理器
2025-06-23 15:44:06,785 - INFO - 设置人员重点关注状态成功: ID 1 -> 重点关注
2025-06-23 15:44:07,766 - INFO - 已加载 2 个人员数据
2025-06-23 15:44:09,011 - INFO - 人脸数据库管理器已关闭
